[streamlit-app] 
[streamlit-app] Initialize Streamlit app with basic layout
[streamlit-app] Add file uploader for ultrasound image input
[streamlit-app] Implement model inference pipeline in Streamlit
[streamlit-app] Display class prediction with confidence score
[streamlit-app] Add preprocessing step in inference
[streamlit-app] Display uploaded image preview
[streamlit-app] Add sidebar with model summary and accuracy
[streamlit-app] Implement class mapping and legend display
[streamlit-app] Add matplotlib chart for prediction probabilities
[streamlit-app] Integrate caching for model load performance
[streamlit-app] Add error handling for invalid images
[streamlit-app] Implement dark/light mode toggle
[streamlit-app] Add footer with disclaimer and license
[streamlit-app] Integrate link to GitHub repo
[streamlit-app] Optimize layout for mobile devices
[streamlit-app] Refactor code for modular UI sections
[streamlit-app] Add app requirements.txt
[streamlit-app] Add Dockerfile for deployment
[streamlit-app] Test deployment locally and fix path issues
[streamlit-app] Document app usage in README
[streamlit-app] Finalize UI and performance optimization
